<?xml version="1.0" encoding="UTF-8"?>
<testng-results skipped="0" failed="0" ignored="0" total="1" passed="1">
  <reporter-output>
  </reporter-output>
  <suite name="Surefire suite" duration-ms="11705" started-at="2018-10-14T02:42:02Z" finished-at="2018-10-14T02:42:14Z">
    <groups>
    </groups>
    <test name="Surefire test" duration-ms="11705" started-at="2018-10-14T02:42:02Z" finished-at="2018-10-14T02:42:14Z">
      <class name="TestTableDataRead.TableDataReadTest">
        <test-method status="PASS" signature="SetUpDriver()[pri:0, instance:TestTableDataRead.TableDataReadTest@13c78c0b]" name="SetUpDriver" is-config="true" duration-ms="1201" started-at="2018-10-14T02:42:02Z" finished-at="2018-10-14T02:42:03Z">
          <reporter-output>
          </reporter-output>
        </test-method> <!-- SetUpDriver -->
        <test-method status="PASS" signature="tableRead()[pri:0, instance:TestTableDataRead.TableDataReadTest@13c78c0b]" name="tableRead" duration-ms="10363" started-at="2018-10-14T02:42:03Z" finished-at="2018-10-14T02:42:14Z">
          <reporter-output>
          </reporter-output>
        </test-method> <!-- tableRead -->
        <test-method status="PASS" signature="cleanup()[pri:0, instance:TestTableDataRead.TableDataReadTest@13c78c0b]" name="cleanup" is-config="true" duration-ms="125" started-at="2018-10-14T02:42:14Z" finished-at="2018-10-14T02:42:14Z">
          <reporter-output>
          </reporter-output>
        </test-method> <!-- cleanup -->
      </class> <!-- TestTableDataRead.TableDataReadTest -->
    </test> <!-- Surefire test -->
  </suite> <!-- Surefire suite -->
</testng-results>
